<?xml version="1.0" encoding="UTF-8"?>
<testsuites>
  <testsuite name="/home/user/laravel-filter-var/phpunit.xml" tests="51" assertions="62" errors="0" failures="0" skipped="0" time="0.424369">
    <testsuite name="Package Test Suite" tests="51" assertions="62" errors="0" failures="0" skipped="0" time="0.424369">
      <testsuite name="Aporat\FilterVar\Tests\CustomFilterTest" file="/home/user/laravel-filter-var/tests/CustomFilterTest.php" tests="5" assertions="5" errors="0" failures="0" skipped="0" time="0.009897">
        <testcase name="media_real_id_extracts_id_before_underscore" file="/home/user/laravel-filter-var/tests/CustomFilterTest.php" line="55" class="Aporat\FilterVar\Tests\CustomFilterTest" classname="Aporat.FilterVar.Tests.CustomFilterTest" assertions="1" time="0.006669"/>
        <testcase name="media_real_id_returns_unchanged_string_without_underscore" file="/home/user/laravel-filter-var/tests/CustomFilterTest.php" line="62" class="Aporat\FilterVar\Tests\CustomFilterTest" classname="Aporat.FilterVar.Tests.CustomFilterTest" assertions="1" time="0.000771"/>
        <testcase name="media_real_id_chained_with_cast_to_int" file="/home/user/laravel-filter-var/tests/CustomFilterTest.php" line="69" class="Aporat\FilterVar\Tests\CustomFilterTest" classname="Aporat.FilterVar.Tests.CustomFilterTest" assertions="1" time="0.001139"/>
        <testcase name="media_real_id_handles_non_string_input" file="/home/user/laravel-filter-var/tests/CustomFilterTest.php" line="76" class="Aporat\FilterVar\Tests\CustomFilterTest" classname="Aporat.FilterVar.Tests.CustomFilterTest" assertions="1" time="0.000603"/>
        <testcase name="media_real_id_handles_null_input" file="/home/user/laravel-filter-var/tests/CustomFilterTest.php" line="83" class="Aporat\FilterVar\Tests\CustomFilterTest" classname="Aporat.FilterVar.Tests.CustomFilterTest" assertions="1" time="0.000716"/>
      </testsuite>
      <testsuite name="Aporat\FilterVar\Tests\FilterTest" file="/home/user/laravel-filter-var/tests/FilterTest.php" tests="43" assertions="46" errors="0" failures="0" skipped="0" time="0.063837">
        <testsuite name="Aporat\FilterVar\Tests\FilterTest::filters_produce_correct_output" tests="23" assertions="23" errors="0" failures="0" skipped="0" time="0.015553">
          <testcase name="filters_produce_correct_output with data set #0" file="/home/user/laravel-filter-var/tests/FilterTest.php" line="31" class="Aporat\FilterVar\Tests\FilterTest" classname="Aporat.FilterVar.Tests.FilterTest" assertions="1" time="0.000863"/>
          <testcase name="filters_produce_correct_output with data set #1" file="/home/user/laravel-filter-var/tests/FilterTest.php" line="31" class="Aporat\FilterVar\Tests\FilterTest" classname="Aporat.FilterVar.Tests.FilterTest" assertions="1" time="0.000606"/>
          <testcase name="filters_produce_correct_output with data set #2" file="/home/user/laravel-filter-var/tests/FilterTest.php" line="31" class="Aporat\FilterVar\Tests\FilterTest" classname="Aporat.FilterVar.Tests.FilterTest" assertions="1" time="0.000496"/>
          <testcase name="filters_produce_correct_output with data set #3" file="/home/user/laravel-filter-var/tests/FilterTest.php" line="31" class="Aporat\FilterVar\Tests\FilterTest" classname="Aporat.FilterVar.Tests.FilterTest" assertions="1" time="0.000961"/>
          <testcase name="filters_produce_correct_output with data set #4" file="/home/user/laravel-filter-var/tests/FilterTest.php" line="31" class="Aporat\FilterVar\Tests\FilterTest" classname="Aporat.FilterVar.Tests.FilterTest" assertions="1" time="0.000538"/>
          <testcase name="filters_produce_correct_output with data set #5" file="/home/user/laravel-filter-var/tests/FilterTest.php" line="31" class="Aporat\FilterVar\Tests\FilterTest" classname="Aporat.FilterVar.Tests.FilterTest" assertions="1" time="0.000403"/>
          <testcase name="filters_produce_correct_output with data set #6" file="/home/user/laravel-filter-var/tests/FilterTest.php" line="31" class="Aporat\FilterVar\Tests\FilterTest" classname="Aporat.FilterVar.Tests.FilterTest" assertions="1" time="0.001059"/>
          <testcase name="filters_produce_correct_output with data set #7" file="/home/user/laravel-filter-var/tests/FilterTest.php" line="31" class="Aporat\FilterVar\Tests\FilterTest" classname="Aporat.FilterVar.Tests.FilterTest" assertions="1" time="0.000695"/>
          <testcase name="filters_produce_correct_output with data set #8" file="/home/user/laravel-filter-var/tests/FilterTest.php" line="31" class="Aporat\FilterVar\Tests\FilterTest" classname="Aporat.FilterVar.Tests.FilterTest" assertions="1" time="0.000965"/>
          <testcase name="filters_produce_correct_output with data set #9" file="/home/user/laravel-filter-var/tests/FilterTest.php" line="31" class="Aporat\FilterVar\Tests\FilterTest" classname="Aporat.FilterVar.Tests.FilterTest" assertions="1" time="0.000553"/>
          <testcase name="filters_produce_correct_output with data set #10" file="/home/user/laravel-filter-var/tests/FilterTest.php" line="31" class="Aporat\FilterVar\Tests\FilterTest" classname="Aporat.FilterVar.Tests.FilterTest" assertions="1" time="0.000801"/>
          <testcase name="filters_produce_correct_output with data set #11" file="/home/user/laravel-filter-var/tests/FilterTest.php" line="31" class="Aporat\FilterVar\Tests\FilterTest" classname="Aporat.FilterVar.Tests.FilterTest" assertions="1" time="0.000519"/>
          <testcase name="filters_produce_correct_output with data set #12" file="/home/user/laravel-filter-var/tests/FilterTest.php" line="31" class="Aporat\FilterVar\Tests\FilterTest" classname="Aporat.FilterVar.Tests.FilterTest" assertions="1" time="0.000549"/>
          <testcase name="filters_produce_correct_output with data set #13" file="/home/user/laravel-filter-var/tests/FilterTest.php" line="31" class="Aporat\FilterVar\Tests\FilterTest" classname="Aporat.FilterVar.Tests.FilterTest" assertions="1" time="0.000814"/>
          <testcase name="filters_produce_correct_output with data set #14" file="/home/user/laravel-filter-var/tests/FilterTest.php" line="31" class="Aporat\FilterVar\Tests\FilterTest" classname="Aporat.FilterVar.Tests.FilterTest" assertions="1" time="0.000365"/>
          <testcase name="filters_produce_correct_output with data set #15" file="/home/user/laravel-filter-var/tests/FilterTest.php" line="31" class="Aporat\FilterVar\Tests\FilterTest" classname="Aporat.FilterVar.Tests.FilterTest" assertions="1" time="0.000814"/>
          <testcase name="filters_produce_correct_output with data set #16" file="/home/user/laravel-filter-var/tests/FilterTest.php" line="31" class="Aporat\FilterVar\Tests\FilterTest" classname="Aporat.FilterVar.Tests.FilterTest" assertions="1" time="0.000578"/>
          <testcase name="filters_produce_correct_output with data set #17" file="/home/user/laravel-filter-var/tests/FilterTest.php" line="31" class="Aporat\FilterVar\Tests\FilterTest" classname="Aporat.FilterVar.Tests.FilterTest" assertions="1" time="0.000811"/>
          <testcase name="filters_produce_correct_output with data set #18" file="/home/user/laravel-filter-var/tests/FilterTest.php" line="31" class="Aporat\FilterVar\Tests\FilterTest" classname="Aporat.FilterVar.Tests.FilterTest" assertions="1" time="0.000474"/>
          <testcase name="filters_produce_correct_output with data set #19" file="/home/user/laravel-filter-var/tests/FilterTest.php" line="31" class="Aporat\FilterVar\Tests\FilterTest" classname="Aporat.FilterVar.Tests.FilterTest" assertions="1" time="0.000995"/>
          <testcase name="filters_produce_correct_output with data set #20" file="/home/user/laravel-filter-var/tests/FilterTest.php" line="31" class="Aporat\FilterVar\Tests\FilterTest" classname="Aporat.FilterVar.Tests.FilterTest" assertions="1" time="0.000434"/>
          <testcase name="filters_produce_correct_output with data set #21" file="/home/user/laravel-filter-var/tests/FilterTest.php" line="31" class="Aporat\FilterVar\Tests\FilterTest" classname="Aporat.FilterVar.Tests.FilterTest" assertions="1" time="0.000868"/>
          <testcase name="filters_produce_correct_output with data set #22" file="/home/user/laravel-filter-var/tests/FilterTest.php" line="31" class="Aporat\FilterVar\Tests\FilterTest" classname="Aporat.FilterVar.Tests.FilterTest" assertions="1" time="0.000394"/>
        </testsuite>
        <testsuite name="Aporat\FilterVar\Tests\FilterTest::filters_preserve_non_string_values" tests="8" assertions="8" errors="0" failures="0" skipped="0" time="0.003133">
          <testcase name="filters_preserve_non_string_values with data set #0" file="/home/user/laravel-filter-var/tests/FilterTest.php" line="88" class="Aporat\FilterVar\Tests\FilterTest" classname="Aporat.FilterVar.Tests.FilterTest" assertions="1" time="0.000341"/>
          <testcase name="filters_preserve_non_string_values with data set #1" file="/home/user/laravel-filter-var/tests/FilterTest.php" line="88" class="Aporat\FilterVar\Tests\FilterTest" classname="Aporat.FilterVar.Tests.FilterTest" assertions="1" time="0.000320"/>
          <testcase name="filters_preserve_non_string_values with data set #2" file="/home/user/laravel-filter-var/tests/FilterTest.php" line="88" class="Aporat\FilterVar\Tests\FilterTest" classname="Aporat.FilterVar.Tests.FilterTest" assertions="1" time="0.000479"/>
          <testcase name="filters_preserve_non_string_values with data set #3" file="/home/user/laravel-filter-var/tests/FilterTest.php" line="88" class="Aporat\FilterVar\Tests\FilterTest" classname="Aporat.FilterVar.Tests.FilterTest" assertions="1" time="0.000430"/>
          <testcase name="filters_preserve_non_string_values with data set #4" file="/home/user/laravel-filter-var/tests/FilterTest.php" line="88" class="Aporat\FilterVar\Tests\FilterTest" classname="Aporat.FilterVar.Tests.FilterTest" assertions="1" time="0.000445"/>
          <testcase name="filters_preserve_non_string_values with data set #5" file="/home/user/laravel-filter-var/tests/FilterTest.php" line="88" class="Aporat\FilterVar\Tests\FilterTest" classname="Aporat.FilterVar.Tests.FilterTest" assertions="1" time="0.000323"/>
          <testcase name="filters_preserve_non_string_values with data set #6" file="/home/user/laravel-filter-var/tests/FilterTest.php" line="88" class="Aporat\FilterVar\Tests\FilterTest" classname="Aporat.FilterVar.Tests.FilterTest" assertions="1" time="0.000455"/>
          <testcase name="filters_preserve_non_string_values with data set #7" file="/home/user/laravel-filter-var/tests/FilterTest.php" line="88" class="Aporat\FilterVar\Tests\FilterTest" classname="Aporat.FilterVar.Tests.FilterTest" assertions="1" time="0.000339"/>
        </testsuite>
        <testsuite name="Aporat\FilterVar\Tests\FilterTest::cast_converts_to_specified_type" tests="6" assertions="6" errors="0" failures="0" skipped="0" time="0.002886">
          <testcase name="cast_converts_to_specified_type with data set #0" file="/home/user/laravel-filter-var/tests/FilterTest.php" line="108" class="Aporat\FilterVar\Tests\FilterTest" classname="Aporat.FilterVar.Tests.FilterTest" assertions="1" time="0.000498"/>
          <testcase name="cast_converts_to_specified_type with data set #1" file="/home/user/laravel-filter-var/tests/FilterTest.php" line="108" class="Aporat\FilterVar\Tests\FilterTest" classname="Aporat.FilterVar.Tests.FilterTest" assertions="1" time="0.000568"/>
          <testcase name="cast_converts_to_specified_type with data set #2" file="/home/user/laravel-filter-var/tests/FilterTest.php" line="108" class="Aporat\FilterVar\Tests\FilterTest" classname="Aporat.FilterVar.Tests.FilterTest" assertions="1" time="0.000373"/>
          <testcase name="cast_converts_to_specified_type with data set #3" file="/home/user/laravel-filter-var/tests/FilterTest.php" line="108" class="Aporat\FilterVar\Tests\FilterTest" classname="Aporat.FilterVar.Tests.FilterTest" assertions="1" time="0.000399"/>
          <testcase name="cast_converts_to_specified_type with data set #4" file="/home/user/laravel-filter-var/tests/FilterTest.php" line="108" class="Aporat\FilterVar\Tests\FilterTest" classname="Aporat.FilterVar.Tests.FilterTest" assertions="1" time="0.000580"/>
          <testcase name="cast_converts_to_specified_type with data set #5" file="/home/user/laravel-filter-var/tests/FilterTest.php" line="108" class="Aporat\FilterVar\Tests\FilterTest" classname="Aporat.FilterVar.Tests.FilterTest" assertions="1" time="0.000467"/>
        </testsuite>
        <testcase name="cast_can_convert_to_collection" file="/home/user/laravel-filter-var/tests/FilterTest.php" line="126" class="Aporat\FilterVar\Tests\FilterTest" classname="Aporat.FilterVar.Tests.FilterTest" assertions="1" time="0.007467"/>
        <testcase name="cast_throws_on_invalid_type" file="/home/user/laravel-filter-var/tests/FilterTest.php" line="133" class="Aporat\FilterVar\Tests\FilterTest" classname="Aporat.FilterVar.Tests.FilterTest" assertions="1" time="0.000661"/>
        <testcase name="filter_if_checks_array_condition" file="/home/user/laravel-filter-var/tests/FilterTest.php" line="140" class="Aporat\FilterVar\Tests\FilterTest" classname="Aporat.FilterVar.Tests.FilterTest" assertions="3" time="0.000943"/>
        <testcase name="format_date_reformats_date_string" file="/home/user/laravel-filter-var/tests/FilterTest.php" line="149" class="Aporat\FilterVar\Tests\FilterTest" classname="Aporat.FilterVar.Tests.FilterTest" assertions="1" time="0.032076"/>
        <testcase name="format_date_returns_empty_input_unchanged" file="/home/user/laravel-filter-var/tests/FilterTest.php" line="156" class="Aporat\FilterVar\Tests\FilterTest" classname="Aporat.FilterVar.Tests.FilterTest" assertions="2" time="0.000572"/>
        <testcase name="format_date_throws_on_invalid_options" file="/home/user/laravel-filter-var/tests/FilterTest.php" line="164" class="Aporat\FilterVar\Tests\FilterTest" classname="Aporat.FilterVar.Tests.FilterTest" assertions="1" time="0.000547"/>
      </testsuite>
      <testsuite name="Aporat\FilterVar\Tests\FilterVarServiceProviderTest" file="/home/user/laravel-filter-var/tests/FilterVarServiceProviderTest.php" tests="3" assertions="11" errors="0" failures="0" skipped="0" time="0.350635">
        <testcase name="service_is_registered_as_singleton" file="/home/user/laravel-filter-var/tests/FilterVarServiceProviderTest.php" line="18" class="Aporat\FilterVar\Tests\FilterVarServiceProviderTest" classname="Aporat.FilterVar.Tests.FilterVarServiceProviderTest" assertions="4" time="0.187745"/>
        <testcase name="config_is_merged" file="/home/user/laravel-filter-var/tests/FilterVarServiceProviderTest.php" line="34" class="Aporat\FilterVar\Tests\FilterVarServiceProviderTest" classname="Aporat.FilterVar.Tests.FilterVarServiceProviderTest" assertions="3" time="0.011207"/>
        <testcase name="config_is_publishable" file="/home/user/laravel-filter-var/tests/FilterVarServiceProviderTest.php" line="44" class="Aporat\FilterVar\Tests\FilterVarServiceProviderTest" classname="Aporat.FilterVar.Tests.FilterVarServiceProviderTest" assertions="4" time="0.151683"/>
      </testsuite>
    </testsuite>
  </testsuite>
</testsuites>
